<?xml version="1.0" encoding="UTF-8"?>
<!-- Generated by org.testng.reporters.JUnitReportReporter -->
<testsuite hostname="ManiTheertham" failures="0" tests="1" name="samplePac.PracticeTest" time="0.025" errors="0" timestamp="27 Jul 2022 11:19:03 GMT">
  <testcase classname="samplePac.PracticeTest" name="sample" time="0.025"/>
</testsuite> <!-- samplePac.PracticeTest -->
